[00:34:26] [User Authenticator #7/INFO]: UUID of player juanchipe7 is c5b6cf50-364a-3391-89ff-43a548dc6a44
[00:34:28] [Server thread/INFO]: juanchipe7 joined the game
[00:34:28] [Server thread/INFO]: juanchipe7[/127.174.93.140:47149] logged in with entity id 56869 at ([world]-2541.5295247989256, 81.0, -880.0557384018686)
[01:59:47] [Server thread/INFO]: juanchipe7 has made the advancement [Cover Me with Diamonds]
[02:12:24] [Server thread/INFO]: juanchipe7 lost connection: Disconnected
[02:12:24] [Server thread/INFO]: juanchipe7 left the game
[02:34:41] [Server thread/INFO]: Stopping the server
[02:34:41] [Server thread/INFO]: Stopping server
[02:34:41] [Server thread/INFO]: [SkinsRestorer] Disabling SkinsRestorer v15.7.7
[02:34:41] [Server thread/INFO]: Saving players
[02:34:41] [Server thread/INFO]: Saving worlds
[02:34:41] [Server thread/INFO]: Saving chunks for level 'ServerLevel[world]'/minecraft:overworld
[02:34:41] [Server thread/INFO]: [ChunkHolderManager] Waiting 60s for chunk system to halt for world 'world'
[02:34:41] [Server thread/INFO]: [ChunkHolderManager] Halted chunk system for world 'world'
[02:34:41] [Server thread/INFO]: [ChunkHolderManager] Saving all chunkholders for world 'world'
[02:34:41] [Server thread/INFO]: [ChunkHolderManager] Saved 2 block chunks, 44 entity chunks, 0 poi chunks in world 'world' in 0.04s
[02:34:41] [Server thread/INFO]: Saving chunks for level 'ServerLevel[world_nether]'/minecraft:the_nether
[02:34:41] [Server thread/INFO]: [ChunkHolderManager] Waiting 60s for chunk system to halt for world 'world_nether'
[02:34:41] [Server thread/INFO]: [ChunkHolderManager] Halted chunk system for world 'world_nether'
[02:34:41] [Server thread/INFO]: [ChunkHolderManager] Saving all chunkholders for world 'world_nether'
[02:34:41] [Server thread/INFO]: [ChunkHolderManager] Saved 3 block chunks, 96 entity chunks, 0 poi chunks in world 'world_nether' in 0.03s
[02:34:42] [Server thread/INFO]: Saving chunks for level 'ServerLevel[world_the_end]'/minecraft:the_end
[02:34:42] [Server thread/INFO]: [ChunkHolderManager] Waiting 60s for chunk system to halt for world 'world_the_end'
[02:34:42] [Server thread/INFO]: [ChunkHolderManager] Halted chunk system for world 'world_the_end'
[02:34:42] [Server thread/INFO]: [ChunkHolderManager] Saving all chunkholders for world 'world_the_end'
[02:34:42] [Server thread/INFO]: [ChunkHolderManager] Saved 0 block chunks, 10 entity chunks, 0 poi chunks in world 'world_the_end' in 0.01s
[02:34:42] [Server thread/INFO]: ThreadedAnvilChunkStorage (world): All chunks are saved
[02:34:42] [Server thread/INFO]: ThreadedAnvilChunkStorage (DIM-1): All chunks are saved
[02:34:42] [Server thread/INFO]: ThreadedAnvilChunkStorage (DIM1): All chunks are saved
[02:34:42] [Server thread/INFO]: ThreadedAnvilChunkStorage: All dimensions are saved
